# No maximum runtime set. Will run until finished or until crash.
# Program options specified on command line:
#     --mdrun-append
#===

# Thu Jun 09 16:23:23 2016 
# Command:
/state/partition1/dylan/dnabaseroll-TIPSI-6332/tipsi/gromit.sh -f 2-1-BW.tpr --mdrun-append -np 16 -g 2-1-BW.out -e 2-1-BW.err -gmxrc /share/apps/gromacs/openmpi-intel/gromacs-4.5.4/bin/GMXRC -control /state/partition1/dylan/dnabaseroll-TIPSI-6332/tipsi/tipsi.py monitor -ndx /state/partition1/dylan/dnabaseroll-TIPSI-6332/index-dnabr.ndx -par /state/partition1/dylan/dnabaseroll-TIPSI-6332/tps-dnabr.par -tpr @TPR -trr @TRR -pid @PID -pi parent.dat -po path.dat -sleep 60 -maxf 2000 -2way 0 -rand 0 -minlen 10 -v -out 2-1-BW.dat -mdrun /usr/mpi/intel/openmpi-1.4.5/bin/mpirun /share/apps/gromacs/openmpi-intel/gromacs-4.5.4/bin/mdrun_mpi_f

# Input structure:     /state/partition1/dylan/dnabaseroll-TIPSI-6332/DATA/2/1/2-1-BW.tpr
# Base name:           2-1-BW
# Source directory:    /state/partition1/dylan/dnabaseroll-TIPSI-6332/DATA/2/1
# Command issued from: /state/partition1/dylan/dnabaseroll-TIPSI-6332/DATA/2/1
# Run directory:       /state/partition1/dylan/dnabaseroll-TIPSI-6332/DATA/2/1

# GROMACS 
#=========
# - binaries:  /opt/bio/gromacs/bin
# - data:      /share/apps/gromacs/openmpi-intel/gromacs-4.5.4/share
# - libraries: /share/apps/gromacs/openmpi-intel/gromacs-4.5.4/share/gromacs/top

# Starting at step 10:    PRODUCTION
# Stopping at step 10:    PRODUCTION
# Starting MD protocol for /state/partition1/dylan/dnabaseroll-TIPSI-6332/DATA/2/1/2-1-BW.tpr

#-------------------------------------
#---= THIS IS WHERE WE START MD =--- 
#-------------------------------------
# Not executing:

# Thu Jun 09 16:23:23 2016 MDS 21373 : MDRUNNER

/usr/mpi/intel/openmpi-1.4.5/bin/mpirun /share/apps/gromacs/openmpi-intel/gromacs-4.5.4/bin/mdrun_mpi_f -nice 0 -deffnm 2-1-BW -c 2-1-BW.gro -cpi 2-1-BW.cpt -nt 16 -noappend -append -maxh -1

# Thu Jun 09 16:23:23 2016 MDS 21373 : MDRUN PID: 21473
# Thu Jun 09 16:23:23 2016 MDS 21373 : Monitoring run

/state/partition1/dylan/dnabaseroll-TIPSI-6332/tipsi/tipsi.py monitor -ndx /state/partition1/dylan/dnabaseroll-TIPSI-6332/index-dnabr.ndx -par /state/partition1/dylan/dnabaseroll-TIPSI-6332/tps-dnabr.par -tpr 2-1-BW.tpr -trr 2-1-BW.trr -pid 21473 -pi parent.dat -po path.dat -sleep 60          -maxf  2000 -2way 0 -rand 0 -minlen 10 -v -out 2-1-BW.dat

# Thu Jun 09 16:23:23 2016 MDS 21373 : Monitor PID: 21476
MONITOR: Running /state/partition1/dylan/dnabaseroll-TIPSI-6332/tipsi/tipsi.py in MONITOR mode
MONITOR: Processing 3 frames
MONITOR: [[ 6.72277355  0.          0.        ]
MONITOR:  [ 0.          6.72277355  0.        ]
MONITOR:  [ 3.36139202  3.36139202  4.75372028]]
MONITOR: [[ 6.72277355  0.          0.        ]
MONITOR:  [ 0.          6.72277355  0.        ]
MONITOR:  [ 3.36139202  3.36139202  4.75372028]]
MONITOR: [[ 6.72277355  0.          0.        ]
MONITOR:  [ 0.          6.72277355  0.        ]
MONITOR:  [ 3.36139202  3.36139202  4.75372028]]
MONITOR: ----- 33.00% [[ 6.71750402  0.          0.        ]
MONITOR:  [ 0.          6.71750402  0.        ]
MONITOR:  [ 3.35875726  3.35875726  4.74999428]]
MONITOR: [[ 6.71750402  0.          0.        ]
MONITOR:  [ 0.          6.71750402  0.        ]
MONITOR:  [ 3.35875726  3.35875726  4.74999428]]
MONITOR: [[ 6.71750402  0.          0.        ]
MONITOR:  [ 0.          6.71750402  0.        ]
MONITOR:  [ 3.35875726  3.35875726  4.74999428]]
MONITOR: ----- 66.00% [[ 6.70739746  0.          0.        ]
MONITOR:  [ 0.          6.70739746  0.        ]
MONITOR:  [ 3.35370398  3.35370398  4.74284792]]
MONITOR: [[ 6.70739746  0.          0.        ]
MONITOR:  [ 0.          6.70739746  0.        ]
MONITOR:  [ 3.35370398  3.35370398  4.74284792]]
MONITOR: [[ 6.70739746  0.          0.        ]
MONITOR:  [ 0.          6.70739746  0.        ]
MONITOR:  [ 3.35370398  3.35370398  4.74284792]]
MONITOR: ----- 100.00%
MONITOR: Processing 2 frames
MONITOR: [[ 6.71437645  0.          0.        ]
MONITOR:  [ 0.          6.71437645  0.        ]
MONITOR:  [ 3.35719347  3.35719347  4.74778271]]
MONITOR: [[ 6.71437645  0.          0.        ]
MONITOR:  [ 0.          6.71437645  0.        ]
MONITOR:  [ 3.35719347  3.35719347  4.74778271]]
MONITOR: [[ 6.71437645  0.          0.        ]
MONITOR:  [ 0.          6.71437645  0.        ]
MONITOR:  [ 3.35719347  3.35719347  4.74778271]]
MONITOR: ----- 50.00% [[ 6.72489929  0.          0.        ]
MONITOR:  [ 0.          6.72489929  0.        ]
MONITOR:  [ 3.36245489  3.36245489  4.75522327]]
MONITOR: [[ 6.72489929  0.          0.        ]
MONITOR:  [ 0.          6.72489929  0.        ]
MONITOR:  [ 3.36245489  3.36245489  4.75522327]]
MONITOR: [[ 6.72489929  0.          0.        ]
MONITOR:  [ 0.          6.72489929  0.        ]
MONITOR:  [ 3.36245489  3.36245489  4.75522327]]
MONITOR: ----- 100.00%
MONITOR: Processing 2 frames
MONITOR: [[ 6.70927572  0.          0.        ]
MONITOR:  [ 0.          6.70927572  0.        ]
MONITOR:  [ 3.35464311  3.35464311  4.74417591]]
MONITOR: [[ 6.70927572  0.          0.        ]
MONITOR:  [ 0.          6.70927572  0.        ]
MONITOR:  [ 3.35464311  3.35464311  4.74417591]]
MONITOR: [[ 6.70927572  0.          0.        ]
MONITOR:  [ 0.          6.70927572  0.        ]
MONITOR:  [ 3.35464311  3.35464311  4.74417591]]
MONITOR: ----- 50.00% [[ 6.73146772  0.          0.        ]
MONITOR:  [ 0.          6.73146772  0.        ]
MONITOR:  [ 3.36573911  3.36573911  4.75986814]]
MONITOR: [[ 6.73146772  0.          0.        ]
MONITOR:  [ 0.          6.73146772  0.        ]
MONITOR:  [ 3.36573911  3.36573911  4.75986814]]
MONITOR: [[ 6.73146772  0.          0.        ]
MONITOR:  [ 0.          6.73146772  0.        ]
MONITOR:  [ 3.36573911  3.36573911  4.75986814]]
MONITOR: ----- 100.00%
MONITOR: Processing 2 frames
MONITOR: [[ 6.71322155  0.          0.        ]
MONITOR:  [ 0.          6.71322155  0.        ]
MONITOR:  [ 3.35661602  3.35661602  4.74696589]]
MONITOR: [[ 6.71322155  0.          0.        ]
MONITOR:  [ 0.          6.71322155  0.        ]
MONITOR:  [ 3.35661602  3.35661602  4.74696589]]
MONITOR: [[ 6.71322155  0.          0.        ]
MONITOR:  [ 0.          6.71322155  0.        ]
MONITOR:  [ 3.35661602  3.35661602  4.74696589]]
MONITOR: ----- 50.00% [[ 6.70645428  0.          0.        ]
MONITOR:  [ 0.          6.70645428  0.        ]
MONITOR:  [ 3.35323238  3.35323238  4.74218082]]
MONITOR: [[ 6.70645428  0.          0.        ]
MONITOR:  [ 0.          6.70645428  0.        ]
MONITOR:  [ 3.35323238  3.35323238  4.74218082]]
MONITOR: [[ 6.70645428  0.          0.        ]
MONITOR:  [ 0.          6.70645428  0.        ]
MONITOR:  [ 3.35323238  3.35323238  4.74218082]]
MONITOR: ----- 100.00%
MONITOR: Processing 2 frames
MONITOR: [[ 6.71025658  0.          0.        ]
MONITOR:  [ 0.          6.71025658  0.        ]
MONITOR:  [ 3.35513353  3.35513353  4.74486923]]
MONITOR: [[ 6.71025658  0.          0.        ]
MONITOR:  [ 0.          6.71025658  0.        ]
MONITOR:  [ 3.35513353  3.35513353  4.74486923]]
MONITOR: [[ 6.71025658  0.          0.        ]
MONITOR:  [ 0.          6.71025658  0.        ]
MONITOR:  [ 3.35513353  3.35513353  4.74486923]]
MONITOR: ----- 50.00% [[ 6.72557211  0.          0.        ]
MONITOR:  [ 0.          6.72557211  0.        ]
MONITOR:  [ 3.3627913   3.3627913   4.75569916]]
MONITOR: [[ 6.72557211  0.          0.        ]
MONITOR:  [ 0.          6.72557211  0.        ]
MONITOR:  [ 3.3627913   3.3627913   4.75569916]]
MONITOR: [[ 6.72557211  0.          0.        ]
MONITOR:  [ 0.          6.72557211  0.        ]
MONITOR:  [ 3.3627913   3.3627913   4.75569916]]
MONITOR: ----- 100.00%
MONITOR: Processing 2 frames
MONITOR: [[ 6.70831537  0.          0.        ]
MONITOR:  [ 0.          6.70831537  0.        ]
MONITOR:  [ 3.35416293  3.35416293  4.74349689]]
MONITOR: [[ 6.70831537  0.          0.        ]
MONITOR:  [ 0.          6.70831537  0.        ]
MONITOR:  [ 3.35416293  3.35416293  4.74349689]]
MONITOR: [[ 6.70831537  0.          0.        ]
MONITOR:  [ 0.          6.70831537  0.        ]
MONITOR:  [ 3.35416293  3.35416293  4.74349689]]
MONITOR: ----- 50.00% [[ 6.72072983  0.          0.        ]
MONITOR:  [ 0.          6.72072983  0.        ]
MONITOR:  [ 3.36037016  3.36037016  4.75227499]]
MONITOR: [[ 6.72072983  0.          0.        ]
MONITOR:  [ 0.          6.72072983  0.        ]
MONITOR:  [ 3.36037016  3.36037016  4.75227499]]
MONITOR: [[ 6.72072983  0.          0.        ]
MONITOR:  [ 0.          6.72072983  0.        ]
MONITOR:  [ 3.36037016  3.36037016  4.75227499]]
MONITOR: ----- 100.00%
MONITOR: Processing 2 frames
MONITOR: [[ 6.71772766  0.          0.        ]
MONITOR:  [ 0.          6.71772766  0.        ]
MONITOR:  [ 3.35886908  3.35886908  4.75015211]]
MONITOR: [[ 6.71772766  0.          0.        ]
MONITOR:  [ 0.          6.71772766  0.        ]
MONITOR:  [ 3.35886908  3.35886908  4.75015211]]
MONITOR: [[ 6.71772766  0.          0.        ]
MONITOR:  [ 0.          6.71772766  0.        ]
MONITOR:  [ 3.35886908  3.35886908  4.75015211]]
MONITOR: ----- 50.00% [[ 6.71006107  0.          0.        ]
MONITOR:  [ 0.          6.71006107  0.        ]
MONITOR:  [ 3.35503578  3.35503578  4.74473143]]
MONITOR: [[ 6.71006107  0.          0.        ]
MONITOR:  [ 0.          6.71006107  0.        ]
MONITOR:  [ 3.35503578  3.35503578  4.74473143]]
MONITOR: [[ 6.71006107  0.          0.        ]
MONITOR:  [ 0.          6.71006107  0.        ]
MONITOR:  [ 3.35503578  3.35503578  4.74473143]]
MONITOR: Stop condition met. Killing job with PID 21473
MONITOR: ----- 100.00%
MONITOR: No active process associated with PID (anymore) 21473
MONITOR: Only processing trajectory (now)
MONITOR EXIT: 0
# Thu Jun 09 16:31:24 2016 MDS 21373 : Run terminated by monitor.
# Thu Jun 09 16:31:24 2016 MDS 21373 : Wrapping up and exiting.
# Deleting redundant files:
2-1-BW-EMv.tpr            2-1-BW-EMv.edr            2-1-BW-EMv.log            2-1-BW-EMv.trr            em-vac-out.mdp           
2-1-BW-EMs.tpr            2-1-BW-EMs.edr            2-1-BW-EMs.log            2-1-BW-EMs.trr            em-sol-out.mdp           
#*#                                                                                                                              
# Thu Jun 09 16:31:24 2016 MDS 21373 : gromit.sh finished successfully
